\BOOKMARK [1][-]{section.1}{\376\377\000J\000e\000g\000y\000z\000e\000t}{}% 1
\BOOKMARK [1][-]{section.2}{\376\377\000P\000r\000o\000g\000r\000a\000m\000,\000\040\000p\000r\000o\000g\000r\000a\000m\000o\000z\000\341\000s\000\040\000m\000a\000d\000\341\000r\000t\000\341\000v\000l\000a\000t\000b\000\363\000l}{}% 2
\BOOKMARK [1][-]{section.3}{\376\377\000K\000o\000n\000z\000o\000l}{}% 3
\BOOKMARK [1][-]{section.4}{\376\377\000V\000i\000s\000u\000a\000l\000\040\000S\000t\000u\000d\000i\000o\000,\000\040\000C\000\043}{}% 4
\BOOKMARK [1][-]{section.5}{\376\377\000P\000r\000o\000j\000e\000k\000t}{}% 5
\BOOKMARK [1][-]{section.6}{\376\377\000H\000e\000l\000l\000o\000\040\000W\000o\000r\000l\000d\000!}{}% 6
\BOOKMARK [2][-]{subsection.6.1}{\376\377\000N\000e\000m\000\040\000m\001\161\000k\000\366\000d\000i\000k\000\040\000a\000\040\000p\000r\000o\000g\000r\000a\000m\000?\000!}{section.6}% 7
\BOOKMARK [2][-]{subsection.6.2}{\376\377\000M\000e\000g\000j\000e\000g\000y\000z\000\351\000s\000e\000k}{section.6}% 8
\BOOKMARK [1][-]{section.7}{\376\377\000V\000\341\000l\000t\000o\000z\000\363\000k}{}% 9
\BOOKMARK [2][-]{subsection.7.1}{\376\377\000\311\000r\000t\000\351\000k\000a\000d\000\341\000s\000\040\000\351\000s\000\040\000e\000g\000y\000e\000n\000l\001\121\000s\000\351\000g\000j\000e\000l}{section.7}% 10
\BOOKMARK [1][-]{section.8}{\376\377\000B\000e\000o\000l\000v\000a\000s\000\341\000s}{}% 11
\BOOKMARK [1][-]{section.9}{\376\377\000V\000\341\000l\000t\000o\000z\000\363\000k\000\040\000\351\000r\000t\000\351\000k\000\351\000n\000e\000k\000\040\000k\000i\000\355\000r\000\341\000s\000a}{}% 12
\BOOKMARK [2][-]{subsection.9.1}{\376\377\000E\000g\000y\000\040\000n\000e\000m\000\040\000j\000a\000v\000a\000s\000o\000l\000t\000\040\000m\000\363\000d\000s\000z\000e\000r}{section.9}% 13
\BOOKMARK [3][-]{subsubsection.9.1.1}{\376\377\000A\000\040\000p\000r\000o\000b\000l\000\351\000m\000a}{subsection.9.1}% 14
\BOOKMARK [2][-]{subsection.9.2}{\376\377\000A\000z\000\040\000e\000l\000e\000g\000\341\000n\000s\000\040\000m\000\363\000d\000s\000z\000e\000r}{section.9}% 15
\BOOKMARK [2][-]{subsection.9.3}{\376\377\000E\000g\000y\000\040\000\372\000j\000a\000b\000b\000\040\000e\000l\000e\000g\000\341\000n\000s\000\040\000m\000\363\000d\000s\000z\000e\000r}{section.9}% 16
\BOOKMARK [1][-]{section.10}{\376\377\000A\000r\000i\000t\000m\000e\000t\000i\000k\000a\000i\000\040\000m\001\161\000v\000e\000l\000e\000t\000e\000k}{}% 17
\BOOKMARK [2][-]{subsection.10.1}{\376\377\000A\000z\000\040\000o\000s\000z\000t\000\341\000s\000\040\000\351\000s\000\040\000a\000\040\000p\000r\000o\000b\000l\000\351\000m\000\341\000k}{section.10}% 18
\BOOKMARK [3][-]{subsubsection.10.1.1}{\376\377\000O\000s\000z\000t\000\341\000s\000i\000\040\000m\000a\000r\000a\000d\000\351\000k}{subsection.10.1}% 19
\BOOKMARK [1][-]{section.11}{\376\377\000V\000e\000z\000\351\000r\000l\000\351\000s\000i\000\040\000s\000z\000e\000r\000k\000e\000z\000e\000t\000e\000k}{}% 20
\BOOKMARK [2][-]{subsection.11.1}{\376\377\000E\000l\000\341\000g\000a\000z\000\341\000s}{section.11}% 21
\BOOKMARK [3][-]{subsubsection.11.1.1}{\376\377\000E\000g\000y\000e\000n\000l\001\121\000s\000\351\000g\000v\000i\000z\000s\000g\000\341\000l\000a\000t}{subsection.11.1}% 22
\BOOKMARK [3][-]{subsubsection.11.1.2}{\376\377\000L\000o\000g\000i\000k\000a\000i\000\040\000\351\000r\000t\000\351\000k\000e\000k}{subsection.11.1}% 23
\BOOKMARK [2][-]{subsection.11.2}{\376\377\000S\000z\000\341\000m\000l\000\341\000l\000\363\000\040\000c\000i\000k\000l\000u\000s}{section.11}% 24
